<?xml version="1.0" encoding="UTF-8"?>
<coverage generated="1622709696551" clover="3.2.0">
  <project timestamp="1622709696551" name="All files">
    <metrics statements="29" coveredstatements="27" conditionals="6" coveredconditionals="6" methods="9" coveredmethods="7" elements="44" coveredelements="40" complexity="0" loc="29" ncloc="29" packages="2" files="2" classes="2"/>
    <package name="src">
      <metrics statements="2" coveredstatements="2" conditionals="0" coveredconditionals="0" methods="2" coveredmethods="2"/>
      <file name="ExampleDataSource.ts" path="/mnt/c/Users/Joshua/Documents/GitHub/Custom-Data-Source-Search/packages/api/src/ExampleDataSource.ts">
        <metrics statements="2" coveredstatements="2" conditionals="0" coveredconditionals="0" methods="2" coveredmethods="2"/>
        <line num="8" count="1" type="stmt"/>
        <line num="12" count="1" type="stmt"/>
      </file>
    </package>
    <package name="src.services">
      <metrics statements="27" coveredstatements="25" conditionals="6" coveredconditionals="6" methods="7" coveredmethods="5"/>
      <file name="TextDataSource.service.ts" path="/mnt/c/Users/Joshua/Documents/GitHub/Custom-Data-Source-Search/packages/api/src/services/TextDataSource.service.ts">
        <metrics statements="27" coveredstatements="25" conditionals="6" coveredconditionals="6" methods="7" coveredmethods="5"/>
        <line num="19" count="1" type="stmt"/>
        <line num="20" count="1" type="stmt"/>
        <line num="33" count="0" type="stmt"/>
        <line num="37" count="0" type="stmt"/>
        <line num="42" count="4" type="stmt"/>
        <line num="44" count="4" type="stmt"/>
        <line num="49" count="2" type="stmt"/>
        <line num="51" count="2" type="stmt"/>
        <line num="53" count="6" type="stmt"/>
        <line num="55" count="6" type="stmt"/>
        <line num="58" count="6" type="stmt"/>
        <line num="63" count="2" type="stmt"/>
        <line num="75" count="14" type="cond" truecount="4" falsecount="0"/>
        <line num="76" count="2" type="stmt"/>
        <line num="78" count="12" type="stmt"/>
        <line num="79" count="12" type="stmt"/>
        <line num="80" count="12" type="stmt"/>
        <line num="81" count="12" type="stmt"/>
        <line num="89" count="14" type="stmt"/>
        <line num="90" count="14" type="stmt"/>
        <line num="95" count="14" type="stmt"/>
        <line num="98" count="12" type="stmt"/>
        <line num="103" count="14" type="stmt"/>
        <line num="105" count="14" type="cond" truecount="2" falsecount="0"/>
        <line num="106" count="19" type="stmt"/>
        <line num="109" count="14" type="stmt"/>
        <line num="116" count="1" type="stmt"/>
      </file>
    </package>
  </project>
</coverage>
