{"D:\\Users\\Laurens-PC\\Documents\\GitHub\\Custom-Data-Source-Search\\packages\\api\\src\\ExampleDataSource.ts": {"path":"D:\\Users\\Laurens-PC\\Documents\\GitHub\\Custom-Data-Source-Search\\packages\\api\\src\\ExampleDataSource.ts","statementMap":{"0":{"start":{"line":8,"column":8},"end":{"line":8,"column":33}},"1":{"start":{"line":12,"column":8},"end":{"line":12,"column":29}}},"fnMap":{"0":{"name":"(anonymous_0)","decl":{"start":{"line":7,"column":4},"end":{"line":7,"column":5}},"loc":{"start":{"line":7,"column":35},"end":{"line":9,"column":5}},"line":7},"1":{"name":"(anonymous_1)","decl":{"start":{"line":11,"column":4},"end":{"line":11,"column":5}},"loc":{"start":{"line":11,"column":26},"end":{"line":13,"column":5}},"line":11}},"branchMap":{},"s":{"0":1,"1":1},"f":{"0":1,"1":1},"b":{},"_coverageSchema":"1a1c01bbd47fc00a2c39e90264f33305004495a9","hash":"d44961a85a6e8fe23e90ca3a738e3ac33dfd7881"}
}
