{"/mnt/c/Users/Joshua/Documents/GitHub/Custom-Data-Source-Search/packages/api/src/ExampleDataSource.ts": {"path":"/mnt/c/Users/Joshua/Documents/GitHub/Custom-Data-Source-Search/packages/api/src/ExampleDataSource.ts","statementMap":{"0":{"start":{"line":8,"column":8},"end":{"line":8,"column":33}},"1":{"start":{"line":12,"column":8},"end":{"line":12,"column":29}}},"fnMap":{"0":{"name":"(anonymous_0)","decl":{"start":{"line":7,"column":4},"end":{"line":7,"column":5}},"loc":{"start":{"line":7,"column":35},"end":{"line":9,"column":5}},"line":7},"1":{"name":"(anonymous_1)","decl":{"start":{"line":11,"column":4},"end":{"line":11,"column":5}},"loc":{"start":{"line":11,"column":26},"end":{"line":13,"column":5}},"line":11}},"branchMap":{},"s":{"0":1,"1":1},"f":{"0":1,"1":1},"b":{},"_coverageSchema":"1a1c01bbd47fc00a2c39e90264f33305004495a9","hash":"cdb699417b78a4c96b20a7a8605d911f94052ae0"}
,"/mnt/c/Users/Joshua/Documents/GitHub/Custom-Data-Source-Search/packages/api/src/services/TextDataSource.service.ts": {"path":"/mnt/c/Users/Joshua/Documents/GitHub/Custom-Data-Source-Search/packages/api/src/services/TextDataSource.service.ts","statementMap":{"0":{"start":{"line":19,"column":8},"end":{"line":19,"column":56}},"1":{"start":{"line":20,"column":8},"end":{"line":20,"column":38}},"2":{"start":{"line":33,"column":7},"end":{"line":33,"column":39}},"3":{"start":{"line":37,"column":8},"end":{"line":37,"column":47}},"4":{"start":{"line":42,"column":35},"end":{"line":42,"column":71}},"5":{"start":{"line":44,"column":8},"end":{"line":44,"column":44}},"6":{"start":{"line":49,"column":49},"end":{"line":49,"column":51}},"7":{"start":{"line":51,"column":8},"end":{"line":62,"column":9}},"8":{"start":{"line":51,"column":20},"end":{"line":51,"column":21}},"9":{"start":{"line":53,"column":27},"end":{"line":53,"column":98}},"10":{"start":{"line":55,"column":23},"end":{"line":55,"column":81}},"11":{"start":{"line":58,"column":12},"end":{"line":58,"column":95}},"12":{"start":{"line":63,"column":8},"end":{"line":63,"column":22}},"13":{"start":{"line":75,"column":8},"end":{"line":77,"column":9}},"14":{"start":{"line":76,"column":12},"end":{"line":76,"column":22}},"15":{"start":{"line":78,"column":43},"end":{"line":78,"column":87}},"16":{"start":{"line":79,"column":42},"end":{"line":79,"column":44}},"17":{"start":{"line":80,"column":37},"end":{"line":80,"column":38}},"18":{"start":{"line":81,"column":8},"end":{"line":96,"column":9}},"19":{"start":{"line":81,"column":25},"end":{"line":81,"column":75}},"20":{"start":{"line":89,"column":26},"end":{"line":89,"column":81}},"21":{"start":{"line":90,"column":12},"end":{"line":94,"column":14}},"22":{"start":{"line":95,"column":12},"end":{"line":95,"column":28}},"23":{"start":{"line":98,"column":8},"end":{"line":98,"column":23}},"24":{"start":{"line":103,"column":22},"end":{"line":103,"column":23}},"25":{"start":{"line":105,"column":8},"end":{"line":107,"column":9}},"26":{"start":{"line":105,"column":25},"end":{"line":105,"column":49}},"27":{"start":{"line":106,"column":12},"end":{"line":106,"column":22}},"28":{"start":{"line":109,"column":8},"end":{"line":109,"column":23}},"29":{"start":{"line":116,"column":30},"end":{"line":116,"column":57}}},"fnMap":{"0":{"name":"(anonymous_0)","decl":{"start":{"line":18,"column":4},"end":{"line":18,"column":5}},"loc":{"start":{"line":18,"column":19},"end":{"line":26,"column":5}},"line":18},"1":{"name":"(anonymous_1)","decl":{"start":{"line":32,"column":4},"end":{"line":32,"column":5}},"loc":{"start":{"line":32,"column":49},"end":{"line":34,"column":5}},"line":32},"2":{"name":"(anonymous_2)","decl":{"start":{"line":36,"column":4},"end":{"line":36,"column":5}},"loc":{"start":{"line":36,"column":37},"end":{"line":38,"column":5}},"line":36},"3":{"name":"(anonymous_3)","decl":{"start":{"line":40,"column":4},"end":{"line":40,"column":5}},"loc":{"start":{"line":40,"column":57},"end":{"line":45,"column":5}},"line":40},"4":{"name":"(anonymous_4)","decl":{"start":{"line":47,"column":4},"end":{"line":47,"column":5}},"loc":{"start":{"line":47,"column":79},"end":{"line":65,"column":5}},"line":47},"5":{"name":"(anonymous_5)","decl":{"start":{"line":74,"column":4},"end":{"line":74,"column":5}},"loc":{"start":{"line":74,"column":78},"end":{"line":99,"column":5}},"line":74},"6":{"name":"(anonymous_6)","decl":{"start":{"line":101,"column":4},"end":{"line":101,"column":5}},"loc":{"start":{"line":101,"column":62},"end":{"line":111,"column":5}},"line":101}},"branchMap":{"0":{"loc":{"start":{"line":75,"column":8},"end":{"line":77,"column":9}},"type":"if","locations":[{"start":{"line":75,"column":8},"end":{"line":77,"column":9}},{"start":{"line":75,"column":8},"end":{"line":77,"column":9}}],"line":75},"1":{"loc":{"start":{"line":75,"column":11},"end":{"line":75,"column":53}},"type":"binary-expr","locations":[{"start":{"line":75,"column":11},"end":{"line":75,"column":30}},{"start":{"line":75,"column":34},"end":{"line":75,"column":53}}],"line":75},"2":{"loc":{"start":{"line":105,"column":52},"end":{"line":105,"column":81}},"type":"binary-expr","locations":[{"start":{"line":105,"column":52},"end":{"line":105,"column":66}},{"start":{"line":105,"column":70},"end":{"line":105,"column":81}}],"line":105}},"s":{"0":1,"1":1,"2":0,"3":0,"4":4,"5":4,"6":2,"7":2,"8":2,"9":6,"10":6,"11":6,"12":2,"13":14,"14":2,"15":12,"16":12,"17":12,"18":12,"19":12,"20":14,"21":14,"22":14,"23":12,"24":14,"25":14,"26":14,"27":19,"28":14,"29":1},"f":{"0":1,"1":0,"2":0,"3":4,"4":2,"5":14,"6":14},"b":{"0":[2,12],"1":[14,13],"2":[33,25]},"_coverageSchema":"1a1c01bbd47fc00a2c39e90264f33305004495a9","hash":"e02447361b724370d3262e9a0f7ceeae0532d721"}
}
