TN:
SF:packages/api/src/ExampleDataSource.ts
FN:7,(anonymous_0)
FN:11,(anonymous_1)
FNF:2
FNH:2
FNDA:1,(anonymous_0)
FNDA:1,(anonymous_1)
DA:8,1
DA:12,1
LF:2
LH:2
BRF:0
BRH:0
end_of_record
TN:
SF:packages/api/src/services/TextDataSource.service.ts
FN:18,(anonymous_0)
FN:32,(anonymous_1)
FN:36,(anonymous_2)
FN:40,(anonymous_3)
FN:47,(anonymous_4)
FN:74,(anonymous_5)
FN:101,(anonymous_6)
FNF:7
FNH:5
FNDA:1,(anonymous_0)
FNDA:0,(anonymous_1)
FNDA:0,(anonymous_2)
FNDA:4,(anonymous_3)
FNDA:2,(anonymous_4)
FNDA:14,(anonymous_5)
FNDA:14,(anonymous_6)
DA:19,1
DA:20,1
DA:33,0
DA:37,0
DA:42,4
DA:44,4
DA:49,2
DA:51,2
DA:53,6
DA:55,6
DA:58,6
DA:63,2
DA:75,14
DA:76,2
DA:78,12
DA:79,12
DA:80,12
DA:81,12
DA:89,14
DA:90,14
DA:95,14
DA:98,12
DA:103,14
DA:105,14
DA:106,19
DA:109,14
DA:116,1
LF:27
LH:25
BRDA:75,0,0,2
BRDA:75,0,1,12
BRDA:75,1,0,14
BRDA:75,1,1,13
BRDA:105,2,0,33
BRDA:105,2,1,25
BRF:6
BRH:6
end_of_record
