TN:
SF:packages/api/src/ExampleDataSource.ts
FN:7,(anonymous_0)
FN:11,(anonymous_1)
FNF:2
FNH:2
FNDA:1,(anonymous_0)
FNDA:1,(anonymous_1)
DA:8,1
DA:12,1
LF:2
LH:2
BRF:0
BRH:0
end_of_record
TN:
SF:packages/api/src/services/TextDataSource.service.ts
FN:18,(anonymous_0)
FN:32,(anonymous_1)
FN:36,(anonymous_2)
FN:40,(anonymous_3)
FN:47,(anonymous_4)
FN:74,(anonymous_5)
FNF:6
FNH:4
FNDA:1,(anonymous_0)
FNDA:0,(anonymous_1)
FNDA:0,(anonymous_2)
FNDA:4,(anonymous_3)
FNDA:2,(anonymous_4)
FNDA:18,(anonymous_5)
DA:19,1
DA:20,1
DA:24,1
DA:25,1
DA:33,0
DA:37,0
DA:42,4
DA:44,4
DA:49,2
DA:51,2
DA:53,10
DA:55,10
DA:58,10
DA:63,2
DA:75,18
DA:76,2
DA:78,16
DA:79,16
DA:80,16
DA:81,16
DA:82,19
DA:83,19
DA:84,34
DA:86,19
DA:91,19
DA:94,16
DA:100,1
LF:27
LH:25
BRDA:75,0,0,2
BRDA:75,0,1,16
BRDA:75,1,0,18
BRDA:75,1,1,17
BRDA:83,2,0,53
BRDA:83,2,1,41
BRF:6
BRH:6
end_of_record
